<?xml version="1.0" encoding="UTF-8"?>
<testng-results skipped="0" failed="0" ignored="0" total="1" passed="1">
  <reporter-output>
  </reporter-output>
  <suite name="Suite" duration-ms="16941" started-at="2022-12-14T11:23:29Z" finished-at="2022-12-14T11:23:46Z">
    <groups>
    </groups>
    <test name="Test" duration-ms="16941" started-at="2022-12-14T11:23:29Z" finished-at="2022-12-14T11:23:46Z">
      <class name="ShoppingDemo.Login">
        <test-method status="PASS" signature="setup()[pri:0, instance:ShoppingDemo.Login@48ae9b55]" name="setup" is-config="true" duration-ms="5007" started-at="2022-12-14T11:23:29Z" finished-at="2022-12-14T11:23:34Z">
          <reporter-output>
          </reporter-output>
        </test-method> <!-- setup -->
        <test-method status="PASS" signature="loginWithData(java.lang.String, java.lang.String)[pri:0, instance:ShoppingDemo.Login@48ae9b55]" name="loginWithData" duration-ms="11077" started-at="2022-12-14T11:23:34Z" description="Login Advantage Demo Site With Proper Data" finished-at="2022-12-14T11:23:45Z">
          <params>
            <param index="0">
              <value>
                <![CDATA[shakya]]>
              </value>
            </param>
            <param index="1">
              <value>
                <![CDATA[A1234567890a]]>
              </value>
            </param>
          </params>
          <reporter-output>
          </reporter-output>
        </test-method> <!-- loginWithData -->
        <test-method status="PASS" signature="tearDown()[pri:0, instance:ShoppingDemo.Login@48ae9b55]" name="tearDown" is-config="true" duration-ms="828" started-at="2022-12-14T11:23:45Z" finished-at="2022-12-14T11:23:46Z">
          <reporter-output>
          </reporter-output>
        </test-method> <!-- tearDown -->
      </class> <!-- ShoppingDemo.Login -->
    </test> <!-- Test -->
  </suite> <!-- Suite -->
</testng-results>
